июн. 29, 2023 1:05:43 AM logger bubble
INFO: [8, 9, 7, 6, 5, 4, 3, 2, 1, 0, -1, -2] итерация 1

июн. 29, 2023 1:05:43 AM logger bubble
INFO: [8, 7, 9, 6, 5, 4, 3, 2, 1, 0, -1, -2] итерация 2

июн. 29, 2023 1:05:43 AM logger bubble
INFO: [8, 7, 6, 9, 5, 4, 3, 2, 1, 0, -1, -2] итерация 3

июн. 29, 2023 1:05:43 AM logger bubble
INFO: [8, 7, 6, 5, 9, 4, 3, 2, 1, 0, -1, -2] итерация 4

июн. 29, 2023 1:05:43 AM logger bubble
INFO: [8, 7, 6, 5, 4, 9, 3, 2, 1, 0, -1, -2] итерация 5

июн. 29, 2023 1:05:43 AM logger bubble
INFO: [8, 7, 6, 5, 4, 3, 9, 2, 1, 0, -1, -2] итерация 6

июн. 29, 2023 1:05:43 AM logger bubble
INFO: [8, 7, 6, 5, 4, 3, 2, 9, 1, 0, -1, -2] итерация 7

июн. 29, 2023 1:05:43 AM logger bubble
INFO: [8, 7, 6, 5, 4, 3, 2, 1, 9, 0, -1, -2] итерация 8

июн. 29, 2023 1:05:43 AM logger bubble
INFO: [8, 7, 6, 5, 4, 3, 2, 1, 0, 9, -1, -2] итерация 9

июн. 29, 2023 1:05:43 AM logger bubble
INFO: [8, 7, 6, 5, 4, 3, 2, 1, 0, -1, 9, -2] итерация 10

июн. 29, 2023 1:05:43 AM logger bubble
INFO: [8, 7, 6, 5, 4, 3, 2, 1, 0, -1, -2, 9] итерация 11

июн. 29, 2023 1:05:43 AM logger bubble
INFO: [7, 8, 6, 5, 4, 3, 2, 1, 0, -1, -2, 9] итерация 12

июн. 29, 2023 1:05:43 AM logger bubble
INFO: [7, 6, 8, 5, 4, 3, 2, 1, 0, -1, -2, 9] итерация 13

июн. 29, 2023 1:05:43 AM logger bubble
INFO: [7, 6, 5, 8, 4, 3, 2, 1, 0, -1, -2, 9] итерация 14

июн. 29, 2023 1:05:43 AM logger bubble
INFO: [7, 6, 5, 4, 8, 3, 2, 1, 0, -1, -2, 9] итерация 15

июн. 29, 2023 1:05:43 AM logger bubble
INFO: [7, 6, 5, 4, 3, 8, 2, 1, 0, -1, -2, 9] итерация 16

июн. 29, 2023 1:05:43 AM logger bubble
INFO: [7, 6, 5, 4, 3, 2, 8, 1, 0, -1, -2, 9] итерация 17

июн. 29, 2023 1:05:43 AM logger bubble
INFO: [7, 6, 5, 4, 3, 2, 1, 8, 0, -1, -2, 9] итерация 18

июн. 29, 2023 1:05:43 AM logger bubble
INFO: [7, 6, 5, 4, 3, 2, 1, 0, 8, -1, -2, 9] итерация 19

июн. 29, 2023 1:05:43 AM logger bubble
INFO: [7, 6, 5, 4, 3, 2, 1, 0, -1, 8, -2, 9] итерация 20

июн. 29, 2023 1:05:43 AM logger bubble
INFO: [7, 6, 5, 4, 3, 2, 1, 0, -1, -2, 8, 9] итерация 21

июн. 29, 2023 1:05:43 AM logger bubble
INFO: [6, 7, 5, 4, 3, 2, 1, 0, -1, -2, 8, 9] итерация 22

июн. 29, 2023 1:05:43 AM logger bubble
INFO: [6, 5, 7, 4, 3, 2, 1, 0, -1, -2, 8, 9] итерация 23

июн. 29, 2023 1:05:44 AM logger bubble
INFO: [6, 5, 4, 7, 3, 2, 1, 0, -1, -2, 8, 9] итерация 24

июн. 29, 2023 1:05:44 AM logger bubble
INFO: [6, 5, 4, 3, 7, 2, 1, 0, -1, -2, 8, 9] итерация 25

июн. 29, 2023 1:05:44 AM logger bubble
INFO: [6, 5, 4, 3, 2, 7, 1, 0, -1, -2, 8, 9] итерация 26

июн. 29, 2023 1:05:44 AM logger bubble
INFO: [6, 5, 4, 3, 2, 1, 7, 0, -1, -2, 8, 9] итерация 27

июн. 29, 2023 1:05:44 AM logger bubble
INFO: [6, 5, 4, 3, 2, 1, 0, 7, -1, -2, 8, 9] итерация 28

июн. 29, 2023 1:05:44 AM logger bubble
INFO: [6, 5, 4, 3, 2, 1, 0, -1, 7, -2, 8, 9] итерация 29

июн. 29, 2023 1:05:44 AM logger bubble
INFO: [6, 5, 4, 3, 2, 1, 0, -1, -2, 7, 8, 9] итерация 30

июн. 29, 2023 1:05:44 AM logger bubble
INFO: [5, 6, 4, 3, 2, 1, 0, -1, -2, 7, 8, 9] итерация 31

июн. 29, 2023 1:05:44 AM logger bubble
INFO: [5, 4, 6, 3, 2, 1, 0, -1, -2, 7, 8, 9] итерация 32

июн. 29, 2023 1:05:44 AM logger bubble
INFO: [5, 4, 3, 6, 2, 1, 0, -1, -2, 7, 8, 9] итерация 33

июн. 29, 2023 1:05:44 AM logger bubble
INFO: [5, 4, 3, 2, 6, 1, 0, -1, -2, 7, 8, 9] итерация 34

июн. 29, 2023 1:05:44 AM logger bubble
INFO: [5, 4, 3, 2, 1, 6, 0, -1, -2, 7, 8, 9] итерация 35

июн. 29, 2023 1:05:44 AM logger bubble
INFO: [5, 4, 3, 2, 1, 0, 6, -1, -2, 7, 8, 9] итерация 36

июн. 29, 2023 1:05:44 AM logger bubble
INFO: [5, 4, 3, 2, 1, 0, -1, 6, -2, 7, 8, 9] итерация 37

июн. 29, 2023 1:05:44 AM logger bubble
INFO: [5, 4, 3, 2, 1, 0, -1, -2, 6, 7, 8, 9] итерация 38

июн. 29, 2023 1:05:44 AM logger bubble
INFO: [4, 5, 3, 2, 1, 0, -1, -2, 6, 7, 8, 9] итерация 39

июн. 29, 2023 1:05:44 AM logger bubble
INFO: [4, 3, 5, 2, 1, 0, -1, -2, 6, 7, 8, 9] итерация 40

июн. 29, 2023 1:05:44 AM logger bubble
INFO: [4, 3, 2, 5, 1, 0, -1, -2, 6, 7, 8, 9] итерация 41

июн. 29, 2023 1:05:44 AM logger bubble
INFO: [4, 3, 2, 1, 5, 0, -1, -2, 6, 7, 8, 9] итерация 42

июн. 29, 2023 1:05:44 AM logger bubble
INFO: [4, 3, 2, 1, 0, 5, -1, -2, 6, 7, 8, 9] итерация 43

июн. 29, 2023 1:05:44 AM logger bubble
INFO: [4, 3, 2, 1, 0, -1, 5, -2, 6, 7, 8, 9] итерация 44

июн. 29, 2023 1:05:44 AM logger bubble
INFO: [4, 3, 2, 1, 0, -1, -2, 5, 6, 7, 8, 9] итерация 45

июн. 29, 2023 1:05:44 AM logger bubble
INFO: [3, 4, 2, 1, 0, -1, -2, 5, 6, 7, 8, 9] итерация 46

июн. 29, 2023 1:05:44 AM logger bubble
INFO: [3, 2, 4, 1, 0, -1, -2, 5, 6, 7, 8, 9] итерация 47

июн. 29, 2023 1:05:44 AM logger bubble
INFO: [3, 2, 1, 4, 0, -1, -2, 5, 6, 7, 8, 9] итерация 48

июн. 29, 2023 1:05:44 AM logger bubble
INFO: [3, 2, 1, 0, 4, -1, -2, 5, 6, 7, 8, 9] итерация 49

июн. 29, 2023 1:05:44 AM logger bubble
INFO: [3, 2, 1, 0, -1, 4, -2, 5, 6, 7, 8, 9] итерация 50

июн. 29, 2023 1:05:44 AM logger bubble
INFO: [3, 2, 1, 0, -1, -2, 4, 5, 6, 7, 8, 9] итерация 51

июн. 29, 2023 1:05:44 AM logger bubble
INFO: [2, 3, 1, 0, -1, -2, 4, 5, 6, 7, 8, 9] итерация 52

июн. 29, 2023 1:05:44 AM logger bubble
INFO: [2, 1, 3, 0, -1, -2, 4, 5, 6, 7, 8, 9] итерация 53

июн. 29, 2023 1:05:44 AM logger bubble
INFO: [2, 1, 0, 3, -1, -2, 4, 5, 6, 7, 8, 9] итерация 54

июн. 29, 2023 1:05:44 AM logger bubble
INFO: [2, 1, 0, -1, 3, -2, 4, 5, 6, 7, 8, 9] итерация 55

июн. 29, 2023 1:05:44 AM logger bubble
INFO: [2, 1, 0, -1, -2, 3, 4, 5, 6, 7, 8, 9] итерация 56

июн. 29, 2023 1:05:44 AM logger bubble
INFO: [1, 2, 0, -1, -2, 3, 4, 5, 6, 7, 8, 9] итерация 57

июн. 29, 2023 1:05:44 AM logger bubble
INFO: [1, 0, 2, -1, -2, 3, 4, 5, 6, 7, 8, 9] итерация 58

июн. 29, 2023 1:05:44 AM logger bubble
INFO: [1, 0, -1, 2, -2, 3, 4, 5, 6, 7, 8, 9] итерация 59

июн. 29, 2023 1:05:44 AM logger bubble
INFO: [1, 0, -1, -2, 2, 3, 4, 5, 6, 7, 8, 9] итерация 60

июн. 29, 2023 1:05:44 AM logger bubble
INFO: [0, 1, -1, -2, 2, 3, 4, 5, 6, 7, 8, 9] итерация 61

июн. 29, 2023 1:05:44 AM logger bubble
INFO: [0, -1, 1, -2, 2, 3, 4, 5, 6, 7, 8, 9] итерация 62

июн. 29, 2023 1:05:44 AM logger bubble
INFO: [0, -1, -2, 1, 2, 3, 4, 5, 6, 7, 8, 9] итерация 63

июн. 29, 2023 1:05:44 AM logger bubble
INFO: [-1, 0, -2, 1, 2, 3, 4, 5, 6, 7, 8, 9] итерация 64

июн. 29, 2023 1:05:44 AM logger bubble
INFO: [-1, -2, 0, 1, 2, 3, 4, 5, 6, 7, 8, 9] итерация 65

июн. 29, 2023 1:05:44 AM logger bubble
INFO: [-2, -1, 0, 1, 2, 3, 4, 5, 6, 7, 8, 9] итерация 66

